<?xml version="1.0"?>
<testsuites>
  <testsuite name="Chrome 44.0.2403 (Mac OS X 10.10.4)" package="" timestamp="2015-08-25T14:59:08" id="0" hostname="Bretts-MacBook-Pro.local">
    <properties>
      <property name="browser.fullName" value="Mozilla/5.0 (Macintosh; Intel Mac OS X 10_10_4) AppleWebKit/537.36 (KHTML, like Gecko) Chrome/44.0.2403.157 Safari/537.36"/>
    </properties>
  </testsuite>
  <testsuite name="Chrome 44.0.2403 (Mac OS X 10.10.4)" package="" timestamp="2015-08-25T14:59:09" id="0" hostname="Bretts-MacBook-Pro.local" tests="24" errors="1" failures="0" time="0.303">
    <properties>
      <property name="browser.fullName" value="Mozilla/5.0 (Macintosh; Intel Mac OS X 10_10_4) AppleWebKit/537.36 (KHTML, like Gecko) Chrome/44.0.2403.157 Safari/537.36"/>
    </properties>
    <testcase name="should get all dimensions" time="0.074" classname="Chrome 44.0.2403 (Mac OS X 10.10.4).Assessment Directive"/>
    <testcase name="should bind the content" time="0.039" classname="Chrome 44.0.2403 (Mac OS X 10.10.4).Login Directive"/>
    <testcase name="should not call login when userName is invalid" time="0.03" classname="Chrome 44.0.2403 (Mac OS X 10.10.4).Login Directive"/>
    <testcase name="should not call login when password is invalid" time="0.019" classname="Chrome 44.0.2403 (Mac OS X 10.10.4).Login Directive"/>
    <testcase name="should call home state when authorization is successful" time="0.023" classname="Chrome 44.0.2403 (Mac OS X 10.10.4).Login Directive"/>
    <testcase name="should set an invalid property when authorization is unsuccessful" time="0.019" classname="Chrome 44.0.2403 (Mac OS X 10.10.4).Login Directive"/>
    <testcase name="should bind the content" time="0.02" classname="Chrome 44.0.2403 (Mac OS X 10.10.4).Register Directive"/>
    <testcase name="should not call register when userName is invalid" time="0.039" classname="Chrome 44.0.2403 (Mac OS X 10.10.4).Register Directive"/>
    <testcase name="should not call register when password is invalid" time="0.014" classname="Chrome 44.0.2403 (Mac OS X 10.10.4).Register Directive"/>
    <testcase name="should call teamSelection state when registration is successful" time="0.013" classname="Chrome 44.0.2403 (Mac OS X 10.10.4).Register Directive"/>
    <testcase name="should set an invalid property when authorization is unsuccessful" time="0.011" classname="Chrome 44.0.2403 (Mac OS X 10.10.4).Register Directive"/>
    <testcase name="should return the correct host name" time="0.001" classname="Chrome 44.0.2403 (Mac OS X 10.10.4).Factory Hostname Provider"/>
    <testcase name="should create a factory" time="0.001" classname="Chrome 44.0.2403 (Mac OS X 10.10.4).Factory CreateFactory"/>
    <system-out><![CDATA[
]]></system-out>
    <system-err/>
  </testsuite>
</testsuites>
