<?xml version="1.0"?>
<testsuites>
  <testsuite name="Chrome 44.0.2403 (Mac OS X 10.10.4)" package="" timestamp="2015-08-24T13:49:38" id="0" hostname="Bretts-MacBook-Pro.local">
    <properties>
      <property name="browser.fullName" value="Mozilla/5.0 (Macintosh; Intel Mac OS X 10_10_4) AppleWebKit/537.36 (KHTML, like Gecko) Chrome/44.0.2403.157 Safari/537.36"/>
    </properties>
  </testsuite>
  <testsuite name="Chrome 44.0.2403 (Mac OS X 10.10.4)" package="" timestamp="2015-08-24T13:49:39" id="0" hostname="Bretts-MacBook-Pro.local" tests="23" errors="0" failures="0" time="0.304">
    <properties>
      <property name="browser.fullName" value="Mozilla/5.0 (Macintosh; Intel Mac OS X 10_10_4) AppleWebKit/537.36 (KHTML, like Gecko) Chrome/44.0.2403.157 Safari/537.36"/>
    </properties>
    <testcase name="should get all dimensions" time="0.071" classname="Chrome 44.0.2403 (Mac OS X 10.10.4).Assessment Directive"/>
    <testcase name="should bind the content" time="0.038" classname="Chrome 44.0.2403 (Mac OS X 10.10.4).Login Directive"/>
    <testcase name="should not call login when userName is invalid" time="0.024" classname="Chrome 44.0.2403 (Mac OS X 10.10.4).Login Directive"/>
    <testcase name="should not call login when password is invalid" time="0.018" classname="Chrome 44.0.2403 (Mac OS X 10.10.4).Login Directive"/>
    <testcase name="should call home state when authorization is successful" time="0.017" classname="Chrome 44.0.2403 (Mac OS X 10.10.4).Login Directive"/>
    <testcase name="should set an invalid property when authorization is unsuccessful" time="0.019" classname="Chrome 44.0.2403 (Mac OS X 10.10.4).Login Directive"/>
    <testcase name="should bind the content" time="0.016" classname="Chrome 44.0.2403 (Mac OS X 10.10.4).Register Directive"/>
    <testcase name="should not call register when userName is invalid" time="0.016" classname="Chrome 44.0.2403 (Mac OS X 10.10.4).Register Directive"/>
    <testcase name="should not call register when password is invalid" time="0.016" classname="Chrome 44.0.2403 (Mac OS X 10.10.4).Register Directive"/>
    <testcase name="should call teamSelection state when registration is successful" time="0.01" classname="Chrome 44.0.2403 (Mac OS X 10.10.4).Register Directive"/>
    <testcase name="should set an invalid property when authorization is unsuccessful" time="0.011" classname="Chrome 44.0.2403 (Mac OS X 10.10.4).Register Directive"/>
    <testcase name="should return the correct host name" time="0.001" classname="Chrome 44.0.2403 (Mac OS X 10.10.4).Factory Hostname Provider"/>
    <testcase name="should create a factory" time="0.002" classname="Chrome 44.0.2403 (Mac OS X 10.10.4).Factory CreateFactory"/>
    <testcase name="should set the content-type header" time="0.007" classname="Chrome 44.0.2403 (Mac OS X 10.10.4).AuthFactory Login"/>
    <testcase name="should store auth data when login is successful" time="0.005" classname="Chrome 44.0.2403 (Mac OS X 10.10.4).AuthFactory Login"/>
    <testcase name="should remove stored auth data when login is unsuccessful" time="0.004" classname="Chrome 44.0.2403 (Mac OS X 10.10.4).AuthFactory Login"/>
    <testcase name="should remove stored auth data when login is unsuccessful" time="0.004" classname="Chrome 44.0.2403 (Mac OS X 10.10.4).AuthFactory SaveRegistration"/>
    <testcase name="should call the register web service" time="0.005" classname="Chrome 44.0.2403 (Mac OS X 10.10.4).AuthFactory SaveRegistration"/>
    <testcase name="should remove stored auth data when login is unsuccessful" time="0.004" classname="Chrome 44.0.2403 (Mac OS X 10.10.4).AuthFactory Logout"/>
    <testcase name="should have authInterceptorService be defined" time="0.004" classname="Chrome 44.0.2403 (Mac OS X 10.10.4).Security Services Service Unit Tests AuthInterceptorService Tests"/>
    <testcase name="should have no api token upon start up" time="0.004" classname="Chrome 44.0.2403 (Mac OS X 10.10.4).Security Services Service Unit Tests AuthInterceptorService Tests"/>
    <testcase name="should have the authInterceptorService as an interceptor" time="0.003" classname="Chrome 44.0.2403 (Mac OS X 10.10.4).Security Services Service Unit Tests AuthInterceptorService Tests HTTP tests"/>
    <testcase name="should token in the headers after setting" time="0.005" classname="Chrome 44.0.2403 (Mac OS X 10.10.4).Security Services Service Unit Tests AuthInterceptorService Tests HTTP tests"/>
    <system-out><![CDATA[
]]></system-out>
    <system-err/>
  </testsuite>
</testsuites>
